<html>
<head>
<title>TestNG:  Default test</title>
<link href="../testng.css" rel="stylesheet" type="text/css" />
<link href="../my-testng.css" rel="stylesheet" type="text/css" />

<style type="text/css">
.log { display: none;} 
.stack-trace { display: none;} 
</style>
<script type="text/javascript">
<!--
function flip(e) {
  current = e.style.display;
  if (current == 'block') {
    e.style.display = 'none';
    return 0;
  }
  else {
    e.style.display = 'block';
    return 1;
  }
}

function toggleBox(szDivId, elem, msg1, msg2)
{
  var res = -1;  if (document.getElementById) {
    res = flip(document.getElementById(szDivId));
  }
  else if (document.all) {
    // this is the way old msie versions work
    res = flip(document.all[szDivId]);
  }
  if(elem) {
    if(res == 0) elem.innerHTML = msg1; else elem.innerHTML = msg2;
  }

}

function toggleAllBoxes() {
  if (document.getElementsByTagName) {
    d = document.getElementsByTagName('div');
    for (i = 0; i < d.length; i++) {
      if (d[i].className == 'log') {
        flip(d[i]);
      }
    }
  }
}

// -->
</script>

</head>
<body>
<h2 align='center'>Default test</h2><table border='1' align="center">
<tr>
<td>Tests passed/Failed/Skipped:</td><td>0/10/0</td>
</tr><tr>
<td>Started on:</td><td>Mon Nov 22 17:00:37 IST 2021</td>
</tr>
<tr><td>Total time:</td><td>98 seconds (98541 ms)</td>
</tr><tr>
<td>Included groups:</td><td></td>
</tr><tr>
<td>Excluded groups:</td><td></td>
</tr>
</table><p/>
<small><i>(Hover the method name to see the test class name)</i></small><p/>
<table width='100%' border='1' class='invocation-failed'>
<tr><td colspan='4' align='center'><b>FAILED TESTS</b></td></tr>
<tr><td><b>Test method</b></td>
<td width="30%"><b>Exception</b></td>
<td width="10%"><b>Time (seconds)</b></td>
<td><b>Instance</b></td>
</tr>
<tr>
<td title='TestRunner.TestRunner.runScenario()'><b>runScenario</b><br>Test class: TestRunner.TestRunner<br>Test method: Runs Cucumber Scenarios<br>Parameters: "BigSmall contact page Validation", "Optional[BigSmall Site AutoMate]"</td>
<td><div><pre>java.lang.NullPointerException
	at StepDefinations.contactpageDefination.click_contact_us_tab_in_footer(contactpageDefination.java:19)
	at ?.click contact us tab in footer(file:///C:/Users/keert/eclipse-workspace/CucumberCompAssessment/src/test/java/Features/contactpage.feature:6)
</pre></div><a href='#' onClick='toggleBox("stack-trace1183213894", this, "Click to show all stack frames", "Click to hide stack frames")'>Click to show all stack frames</a>
<div class='stack-trace' id='stack-trace1183213894'><pre>java.lang.NullPointerException
	at StepDefinations.contactpageDefination.click_contact_us_tab_in_footer(contactpageDefination.java:19)
	at ?.click contact us tab in footer(file:///C:/Users/keert/eclipse-workspace/CucumberCompAssessment/src/test/java/Features/contactpage.feature:6)
</pre></div></td>
<td>11</td>
<td>TestRunner.TestRunner@1ee807c6</td></tr>
<tr>
<td title='TestRunner.TestRunner.runScenario()'><b>runScenario</b><br>Test class: TestRunner.TestRunner<br>Test method: Runs Cucumber Scenarios<br>Parameters: "BigSmall Header Links Validation", "Optional[BigSmall Site AutoMate]"</td>
<td><div><pre>io.cucumber.testng.UndefinedStepException: The step &apos;count and click on the links on the header&apos; and 1 other step(s) are undefined.
You can implement these steps using the snippet(s) below:

@When(&quot;count and click on the links on the header&quot;)
public void count_and_click_on_the_links_on_the_header() {
    // Write code here that turns the phrase above into concrete actions
    throw new io.cucumber.java.PendingException();
}
@Then(&quot;printing the title of the opened links in the console and logs&quot;)
public void printing_the_title_of_the_opened_links_in_the_console_and_logs() {
    // Write code here that turns the phrase above into concrete actions
    throw new io.cucumber.java.PendingException();
}

	at io.cucumber.core.runtime.TestCaseResultObserver.assertTestCasePassed(TestCaseResultObserver.java:69)
	at io.cucumber.testng.TestCaseResultObserver.assertTestCasePassed(TestCaseResultObserver.java:23)
	at io.cucumber.testng.TestNGCucumberRunner.lambda$runScenario$1(TestNGCucumberRunner.java:133)
	at io.cucumber.core.runtime.CucumberExecutionContext.lambda$runTestCase$3(CucumberExecutionContext.java:110)
	at io.cucumber.core.runtime.RethrowingThrowableCollector.executeAndThrow(RethrowingThrowableCollector.java:23)
	at io.cucumber.core.runtime.CucumberExecutionContext.runTestCase(CucumberExecutionContext.java:110)
	at io.cucumber.testng.TestNGCucumberRunner.runScenario(TestNGCucumberRunner.java:129)
	at io.cucumber.testng.AbstractTestNGCucumberTests.runScenario(AbstractTestNGCucumberTests.java:35)
	at sun.reflect.NativeMethodAccessorImpl.invoke0(Native Method)
	at sun.reflect.NativeMethodAccessorImpl.invoke(NativeMethodAccessorImpl.java:62)
	at sun.reflect.DelegatingMethodAccessorImpl.invoke(DelegatingMethodAccessorImpl.java:43)
	at java.lang.reflect.Method.invoke(Method.java:498)
	at org.testng.internal.MethodInvocationHelper.invokeMethod(MethodInvocationHelper.java:133)
	at org.testng.internal.TestInvoker.invokeMethod(TestInvoker.java:598)
	at org.testng.internal.TestInvoker.invokeTestMethod(TestInvoker.java:173)
	at org.testng.internal.MethodRunner.runInSequence(MethodRunner.java:46)
	at org.testng.internal.TestInvoker$MethodInvocationAgent.invoke(TestInvoker.java:824)
	at org.testng.internal.TestInvoker.invokeTestMethods(TestInvoker.java:146)
	at org.testng.internal.TestMethodWorker.invokeTestMethods(TestMethodWorker.java:146)
	at org.testng.internal.TestMethodWorker.run(TestMethodWorker.java:128)
	at java.util.ArrayList.forEach(ArrayList.java:1259)
	at org.testng.TestRunner.privateRun(TestRunner.java:794)
	at org.testng.TestRunner.run(TestRunner.java:596)
	at org.testng.SuiteRunner.runTest(SuiteRunner.java:377)
	at org.testng.SuiteRunner.runSequentially(SuiteRunner.java:371)
	at org.testng.SuiteRunner.privateRun(SuiteRunner.java:332)
	at org.testng.SuiteRunner.run(SuiteRunner.java:276)
	at org.testng.SuiteRunnerWorker.runSuite(SuiteRunnerWorker.java:53)
	at org.testng.SuiteRunnerWorker.run(SuiteRunnerWorker.java:96)
	at org.testng.TestNG.runSuitesSequentially(TestNG.java:1212)
	at org.testng.TestNG.runSuitesLocally(TestNG.java:1134)
	at org.testng.TestNG.runSuites(TestNG.java:1063)
	at org.testng.TestNG.run(TestNG.java:1031)
	at org.testng.remote.AbstractRemoteTestNG.run(AbstractRemoteTestNG.java:115)
	at org.testng.remote.RemoteTestNG.initAndRun(RemoteTestNG.java:251)
	at org.testng.remote.RemoteTestNG.main(RemoteTestNG.java:77)
</pre></div><a href='#' onClick='toggleBox("stack-trace1056889967", this, "Click to show all stack frames", "Click to hide stack frames")'>Click to show all stack frames</a>
<div class='stack-trace' id='stack-trace1056889967'><pre>io.cucumber.testng.UndefinedStepException: The step &apos;count and click on the links on the header&apos; and 1 other step(s) are undefined.
You can implement these steps using the snippet(s) below:

@When(&quot;count and click on the links on the header&quot;)
public void count_and_click_on_the_links_on_the_header() {
    // Write code here that turns the phrase above into concrete actions
    throw new io.cucumber.java.PendingException();
}
@Then(&quot;printing the title of the opened links in the console and logs&quot;)
public void printing_the_title_of_the_opened_links_in_the_console_and_logs() {
    // Write code here that turns the phrase above into concrete actions
    throw new io.cucumber.java.PendingException();
}

	at io.cucumber.core.runtime.TestCaseResultObserver.assertTestCasePassed(TestCaseResultObserver.java:69)
	at io.cucumber.testng.TestCaseResultObserver.assertTestCasePassed(TestCaseResultObserver.java:23)
	at io.cucumber.testng.TestNGCucumberRunner.lambda$runScenario$1(TestNGCucumberRunner.java:133)
	at io.cucumber.core.runtime.CucumberExecutionContext.lambda$runTestCase$3(CucumberExecutionContext.java:110)
	at io.cucumber.core.runtime.RethrowingThrowableCollector.executeAndThrow(RethrowingThrowableCollector.java:23)
	at io.cucumber.core.runtime.CucumberExecutionContext.runTestCase(CucumberExecutionContext.java:110)
	at io.cucumber.testng.TestNGCucumberRunner.runScenario(TestNGCucumberRunner.java:129)
	at io.cucumber.testng.AbstractTestNGCucumberTests.runScenario(AbstractTestNGCucumberTests.java:35)
	at sun.reflect.NativeMethodAccessorImpl.invoke0(Native Method)
	at sun.reflect.NativeMethodAccessorImpl.invoke(NativeMethodAccessorImpl.java:62)
	at sun.reflect.DelegatingMethodAccessorImpl.invoke(DelegatingMethodAccessorImpl.java:43)
	at java.lang.reflect.Method.invoke(Method.java:498)
	at org.testng.internal.MethodInvocationHelper.invokeMethod(MethodInvocationHelper.java:133)
	at org.testng.internal.TestInvoker.invokeMethod(TestInvoker.java:598)
	at org.testng.internal.TestInvoker.invokeTestMethod(TestInvoker.java:173)
	at org.testng.internal.MethodRunner.runInSequence(MethodRunner.java:46)
	at org.testng.internal.TestInvoker$MethodInvocationAgent.invoke(TestInvoker.java:824)
	at org.testng.internal.TestInvoker.invokeTestMethods(TestInvoker.java:146)
	at org.testng.internal.TestMethodWorker.invokeTestMethods(TestMethodWorker.java:146)
	at org.testng.internal.TestMethodWorker.run(TestMethodWorker.java:128)
	at java.util.ArrayList.forEach(ArrayList.java:1259)
	at org.testng.TestRunner.privateRun(TestRunner.java:794)
	at org.testng.TestRunner.run(TestRunner.java:596)
	at org.testng.SuiteRunner.runTest(SuiteRunner.java:377)
	at org.testng.SuiteRunner.runSequentially(SuiteRunner.java:371)
	at org.testng.SuiteRunner.privateRun(SuiteRunner.java:332)
	at org.testng.SuiteRunner.run(SuiteRunner.java:276)
	at org.testng.SuiteRunnerWorker.runSuite(SuiteRunnerWorker.java:53)
	at org.testng.SuiteRunnerWorker.run(SuiteRunnerWorker.java:96)
	at org.testng.TestNG.runSuitesSequentially(TestNG.java:1212)
	at org.testng.TestNG.runSuitesLocally(TestNG.java:1134)
	at org.testng.TestNG.runSuites(TestNG.java:1063)
	at org.testng.TestNG.run(TestNG.java:1031)
	at org.testng.remote.AbstractRemoteTestNG.run(AbstractRemoteTestNG.java:115)
	at org.testng.remote.RemoteTestNG.initAndRun(RemoteTestNG.java:251)
	at org.testng.remote.RemoteTestNG.main(RemoteTestNG.java:77)
</pre></div></td>
<td>9</td>
<td>TestRunner.TestRunner@1ee807c6</td></tr>
<tr>
<td title='TestRunner.TestRunner.runScenario()'><b>runScenario</b><br>Test class: TestRunner.TestRunner<br>Test method: Runs Cucumber Scenarios<br>Parameters: "BigSmall search tab Validation", "Optional[BigSmall Site AutoMate]"</td>
<td><div><pre>java.lang.NullPointerException
	at StepDefinations.searchactionDefination.user_enter_a_product_name_and_click_on_search(searchactionDefination.java:20)
	at ?.user enter a product name &quot;harry potter&quot; and click on search(file:///C:/Users/keert/eclipse-workspace/CucumberCompAssessment/src/test/java/Features/searchaction.feature:6)
</pre></div><a href='#' onClick='toggleBox("stack-trace1909141817", this, "Click to show all stack frames", "Click to hide stack frames")'>Click to show all stack frames</a>
<div class='stack-trace' id='stack-trace1909141817'><pre>java.lang.NullPointerException
	at StepDefinations.searchactionDefination.user_enter_a_product_name_and_click_on_search(searchactionDefination.java:20)
	at ?.user enter a product name &quot;harry potter&quot; and click on search(file:///C:/Users/keert/eclipse-workspace/CucumberCompAssessment/src/test/java/Features/searchaction.feature:6)
</pre></div></td>
<td>8</td>
<td>TestRunner.TestRunner@1ee807c6</td></tr>
<tr>
<td title='TestRunner.TestRunner.runScenario()'><b>runScenario</b><br>Test class: TestRunner.TestRunner<br>Test method: Runs Cucumber Scenarios<br>Parameters: "BigSmall Loginpage Validation", "Optional[BigSmall Site AutoMate]"</td>
<td><div><pre>java.lang.NullPointerException
	at StepDefinations.LoginPageDefination.click_on_sigin(LoginPageDefination.java:34)
	at ?.click on sigin(file:///C:/Users/keert/eclipse-workspace/CucumberCompAssessment/src/test/java/Features/LoginPage.feature:6)
</pre></div><a href='#' onClick='toggleBox("stack-trace1835841364", this, "Click to show all stack frames", "Click to hide stack frames")'>Click to show all stack frames</a>
<div class='stack-trace' id='stack-trace1835841364'><pre>java.lang.NullPointerException
	at StepDefinations.LoginPageDefination.click_on_sigin(LoginPageDefination.java:34)
	at ?.click on sigin(file:///C:/Users/keert/eclipse-workspace/CucumberCompAssessment/src/test/java/Features/LoginPage.feature:6)
</pre></div></td>
<td>6</td>
<td>TestRunner.TestRunner@1ee807c6</td></tr>
<tr>
<td title='TestRunner.TestRunner.runScenario()'><b>runScenario</b><br>Test class: TestRunner.TestRunner<br>Test method: Runs Cucumber Scenarios<br>Parameters: "BigSmall Hover Action Validation", "Optional[BigSmall Site AutoMate]"</td>
<td><div><pre>java.lang.NullPointerException
	at StepDefinations.hoveractionDefination.moved_to_birthday_gift_section(hoveractionDefination.java:24)
	at ?.moved to birthday gift section(file:///C:/Users/keert/eclipse-workspace/CucumberCompAssessment/src/test/java/Features/hoveraction.feature:6)
</pre></div><a href='#' onClick='toggleBox("stack-trace2018270965", this, "Click to show all stack frames", "Click to hide stack frames")'>Click to show all stack frames</a>
<div class='stack-trace' id='stack-trace2018270965'><pre>java.lang.NullPointerException
	at StepDefinations.hoveractionDefination.moved_to_birthday_gift_section(hoveractionDefination.java:24)
	at ?.moved to birthday gift section(file:///C:/Users/keert/eclipse-workspace/CucumberCompAssessment/src/test/java/Features/hoveraction.feature:6)
</pre></div></td>
<td>11</td>
<td>TestRunner.TestRunner@1ee807c6</td></tr>
<tr>
<td title='TestRunner.TestRunner.runScenario()'><b>runScenario</b><br>Test class: TestRunner.TestRunner<br>Test method: Runs Cucumber Scenarios<br>Parameters: "HomePage Validation", "Optional[BigSmall Site AutoMate]"</td>
<td><div><pre>java.lang.NullPointerException
	at StepDefinations.HomePageDefination.big_small_website_logo_should_be_displayed(HomePageDefination.java:24)
	at ?.BigSmall Website logo should be displayed(file:///C:/Users/keert/eclipse-workspace/CucumberCompAssessment/src/test/java/Features/HomePage.feature:6)
</pre></div><a href='#' onClick='toggleBox("stack-trace930900166", this, "Click to show all stack frames", "Click to hide stack frames")'>Click to show all stack frames</a>
<div class='stack-trace' id='stack-trace930900166'><pre>java.lang.NullPointerException
	at StepDefinations.HomePageDefination.big_small_website_logo_should_be_displayed(HomePageDefination.java:24)
	at ?.BigSmall Website logo should be displayed(file:///C:/Users/keert/eclipse-workspace/CucumberCompAssessment/src/test/java/Features/HomePage.feature:6)
</pre></div></td>
<td>6</td>
<td>TestRunner.TestRunner@1ee807c6</td></tr>
<tr>
<td title='TestRunner.TestRunner.runScenario()'><b>runScenario</b><br>Test class: TestRunner.TestRunner<br>Test method: Runs Cucumber Scenarios<br>Parameters: "BigSmall Giftcard page Validation", "Optional[BigSmall Site AutoMate]"</td>
<td><div><pre>java.lang.NullPointerException
	at StepDefinations.addGiftcardDefination.click_on_giftcard(addGiftcardDefination.java:20)
	at ?.click on Giftcard(file:///C:/Users/keert/eclipse-workspace/CucumberCompAssessment/src/test/java/Features/addGiftcard.feature:6)
</pre></div><a href='#' onClick='toggleBox("stack-trace1774897456", this, "Click to show all stack frames", "Click to hide stack frames")'>Click to show all stack frames</a>
<div class='stack-trace' id='stack-trace1774897456'><pre>java.lang.NullPointerException
	at StepDefinations.addGiftcardDefination.click_on_giftcard(addGiftcardDefination.java:20)
	at ?.click on Giftcard(file:///C:/Users/keert/eclipse-workspace/CucumberCompAssessment/src/test/java/Features/addGiftcard.feature:6)
</pre></div></td>
<td>9</td>
<td>TestRunner.TestRunner@1ee807c6</td></tr>
<tr>
<td title='TestRunner.TestRunner.runScenario()'><b>runScenario</b><br>Test class: TestRunner.TestRunner<br>Test method: Runs Cucumber Scenarios<br>Parameters: "BigSmall Cart checkout page Validation", "Optional[BigSmall Site AutoMate]"</td>
<td><div><pre>java.lang.NullPointerException
	at StepDefinations.cartcheckoutDefination.add_one_product_to_cart_and_click_on_cart_section(cartcheckoutDefination.java:20)
	at ?.Add one product to cart and click on cart section(file:///C:/Users/keert/eclipse-workspace/CucumberCompAssessment/src/test/java/Features/cartcheckout.feature:6)
</pre></div><a href='#' onClick='toggleBox("stack-trace386201215", this, "Click to show all stack frames", "Click to hide stack frames")'>Click to show all stack frames</a>
<div class='stack-trace' id='stack-trace386201215'><pre>java.lang.NullPointerException
	at StepDefinations.cartcheckoutDefination.add_one_product_to_cart_and_click_on_cart_section(cartcheckoutDefination.java:20)
	at ?.Add one product to cart and click on cart section(file:///C:/Users/keert/eclipse-workspace/CucumberCompAssessment/src/test/java/Features/cartcheckout.feature:6)
</pre></div></td>
<td>9</td>
<td>TestRunner.TestRunner@1ee807c6</td></tr>
<tr>
<td title='TestRunner.TestRunner.runScenario()'><b>runScenario</b><br>Test class: TestRunner.TestRunner<br>Test method: Runs Cucumber Scenarios<br>Parameters: "BigSmall wishlist page Validation", "Optional[BigSmall Site AutoMate]"</td>
<td><div><pre>java.lang.NullPointerException
	at StepDefinations.wishlistDefination.click_on_a_product_and_click_on_add_to_cart(wishlistDefination.java:22)
	at ?.click on a product and click on add to cart(file:///C:/Users/keert/eclipse-workspace/CucumberCompAssessment/src/test/java/Features/wishlist.feature:6)
</pre></div><a href='#' onClick='toggleBox("stack-trace1389055824", this, "Click to show all stack frames", "Click to hide stack frames")'>Click to show all stack frames</a>
<div class='stack-trace' id='stack-trace1389055824'><pre>java.lang.NullPointerException
	at StepDefinations.wishlistDefination.click_on_a_product_and_click_on_add_to_cart(wishlistDefination.java:22)
	at ?.click on a product and click on add to cart(file:///C:/Users/keert/eclipse-workspace/CucumberCompAssessment/src/test/java/Features/wishlist.feature:6)
</pre></div></td>
<td>15</td>
<td>TestRunner.TestRunner@1ee807c6</td></tr>
<tr>
<td title='TestRunner.TestRunner.runScenario()'><b>runScenario</b><br>Test class: TestRunner.TestRunner<br>Test method: Runs Cucumber Scenarios<br>Parameters: "BigSmall All product tab Validation", "Optional[BigSmall Site AutoMate]"</td>
<td><div><pre>java.lang.NullPointerException
	at StepDefinations.allproductTabDefination.click_on_all_of_it_tab_in_header(allproductTabDefination.java:20)
	at ?.click on all of it tab in header(file:///C:/Users/keert/eclipse-workspace/CucumberCompAssessment/src/test/java/Features/allproductTab.feature:6)
</pre></div><a href='#' onClick='toggleBox("stack-trace1285072597", this, "Click to show all stack frames", "Click to hide stack frames")'>Click to show all stack frames</a>
<div class='stack-trace' id='stack-trace1285072597'><pre>java.lang.NullPointerException
	at StepDefinations.allproductTabDefination.click_on_all_of_it_tab_in_header(allproductTabDefination.java:20)
	at ?.click on all of it tab in header(file:///C:/Users/keert/eclipse-workspace/CucumberCompAssessment/src/test/java/Features/allproductTab.feature:6)
</pre></div></td>
<td>8</td>
<td>TestRunner.TestRunner@1ee807c6</td></tr>
</table><p>
</body>
</html>